{"C:\\Users\\TEHCDeveloper1\\Documents\\Dev-Work\\HNG\\Frontend\\FE-hng-stage-3\\src\\lib\\auth.ts": {"path":"C:\\Users\\TEHCDeveloper1\\Documents\\Dev-Work\\HNG\\Frontend\\FE-hng-stage-3\\src\\lib\\auth.ts","statementMap":{"0":{"start":{"line":3,"column":18},"end":{"line":3,"column":null}},"1":{"start":{"line":4,"column":20},"end":{"line":4,"column":null}},"2":{"start":{"line":7,"column":2},"end":{"line":7,"column":null}},"3":{"start":{"line":7,"column":37},"end":{"line":7,"column":null}},"4":{"start":{"line":8,"column":2},"end":{"line":12,"column":null}},"5":{"start":{"line":9,"column":17},"end":{"line":9,"column":48}},"6":{"start":{"line":10,"column":4},"end":{"line":10,"column":null}},"7":{"start":{"line":12,"column":4},"end":{"line":12,"column":null}},"8":{"start":{"line":17,"column":2},"end":{"line":17,"column":null}},"9":{"start":{"line":17,"column":37},"end":{"line":17,"column":null}},"10":{"start":{"line":18,"column":2},"end":{"line":18,"column":null}},"11":{"start":{"line":22,"column":2},"end":{"line":22,"column":null}},"12":{"start":{"line":22,"column":37},"end":{"line":22,"column":null}},"13":{"start":{"line":23,"column":2},"end":{"line":27,"column":null}},"14":{"start":{"line":24,"column":17},"end":{"line":24,"column":50}},"15":{"start":{"line":25,"column":4},"end":{"line":25,"column":null}},"16":{"start":{"line":27,"column":4},"end":{"line":27,"column":null}},"17":{"start":{"line":32,"column":2},"end":{"line":32,"column":null}},"18":{"start":{"line":32,"column":37},"end":{"line":32,"column":null}},"19":{"start":{"line":33,"column":2},"end":{"line":36,"column":null}},"20":{"start":{"line":34,"column":4},"end":{"line":34,"column":null}},"21":{"start":{"line":36,"column":4},"end":{"line":36,"column":null}},"22":{"start":{"line":41,"column":16},"end":{"line":41,"column":26}},"23":{"start":{"line":43,"column":2},"end":{"line":44,"column":null}},"24":{"start":{"line":43,"column":24},"end":{"line":43,"column":42}},"25":{"start":{"line":44,"column":4},"end":{"line":44,"column":null}},"26":{"start":{"line":47,"column":24},"end":{"line":52,"column":null}},"27":{"start":{"line":54,"column":2},"end":{"line":54,"column":null}},"28":{"start":{"line":55,"column":2},"end":{"line":55,"column":null}},"29":{"start":{"line":57,"column":2},"end":{"line":57,"column":null}},"30":{"start":{"line":61,"column":16},"end":{"line":61,"column":26}},"31":{"start":{"line":62,"column":15},"end":{"line":62,"column":78}},"32":{"start":{"line":62,"column":33},"end":{"line":62,"column":78}},"33":{"start":{"line":64,"column":2},"end":{"line":65,"column":null}},"34":{"start":{"line":65,"column":4},"end":{"line":65,"column":null}},"35":{"start":{"line":68,"column":2},"end":{"line":68,"column":null}},"36":{"start":{"line":69,"column":2},"end":{"line":69,"column":null}},"37":{"start":{"line":73,"column":2},"end":{"line":73,"column":null}}},"fnMap":{"0":{"name":"getUsers","decl":{"start":{"line":6,"column":16},"end":{"line":6,"column":35}},"loc":{"start":{"line":6,"column":35},"end":{"line":12,"column":null}},"line":6},"1":{"name":"saveUsers","decl":{"start":{"line":16,"column":16},"end":{"line":16,"column":26}},"loc":{"start":{"line":16,"column":47},"end":{"line":18,"column":null}},"line":16},"2":{"name":"getSession","decl":{"start":{"line":21,"column":16},"end":{"line":21,"column":45}},"loc":{"start":{"line":21,"column":45},"end":{"line":27,"column":null}},"line":21},"3":{"name":"setSession","decl":{"start":{"line":31,"column":16},"end":{"line":31,"column":27}},"loc":{"start":{"line":31,"column":58},"end":{"line":36,"column":null}},"line":31},"4":{"name":"signup","decl":{"start":{"line":40,"column":16},"end":{"line":40,"column":23}},"loc":{"start":{"line":40,"column":94},"end":{"line":57,"column":null}},"line":40},"5":{"name":"(anonymous_5)","decl":{"start":{"line":43,"column":12},"end":{"line":43,"column":18}},"loc":{"start":{"line":43,"column":24},"end":{"line":43,"column":42}},"line":43},"6":{"name":"login","decl":{"start":{"line":60,"column":16},"end":{"line":60,"column":22}},"loc":{"start":{"line":60,"column":93},"end":{"line":69,"column":null}},"line":60},"7":{"name":"(anonymous_7)","decl":{"start":{"line":62,"column":21},"end":{"line":62,"column":27}},"loc":{"start":{"line":62,"column":33},"end":{"line":62,"column":78}},"line":62},"8":{"name":"logout","decl":{"start":{"line":72,"column":16},"end":{"line":72,"column":31}},"loc":{"start":{"line":72,"column":31},"end":{"line":73,"column":null}},"line":72}},"branchMap":{"0":{"loc":{"start":{"line":7,"column":2},"end":{"line":7,"column":null}},"type":"if","locations":[{"start":{"line":7,"column":2},"end":{"line":7,"column":null}},{"start":{},"end":{}}],"line":7},"1":{"loc":{"start":{"line":10,"column":11},"end":{"line":10,"column":39}},"type":"cond-expr","locations":[{"start":{"line":10,"column":18},"end":{"line":10,"column":34}},{"start":{"line":10,"column":37},"end":{"line":10,"column":39}}],"line":10},"2":{"loc":{"start":{"line":17,"column":2},"end":{"line":17,"column":null}},"type":"if","locations":[{"start":{"line":17,"column":2},"end":{"line":17,"column":null}},{"start":{},"end":{}}],"line":17},"3":{"loc":{"start":{"line":22,"column":2},"end":{"line":22,"column":null}},"type":"if","locations":[{"start":{"line":22,"column":2},"end":{"line":22,"column":null}},{"start":{},"end":{}}],"line":22},"4":{"loc":{"start":{"line":25,"column":11},"end":{"line":25,"column":null}},"type":"cond-expr","locations":[{"start":{"line":25,"column":18},"end":{"line":25,"column":34}},{"start":{"line":25,"column":37},"end":{"line":25,"column":null}}],"line":25},"5":{"loc":{"start":{"line":32,"column":2},"end":{"line":32,"column":null}},"type":"if","locations":[{"start":{"line":32,"column":2},"end":{"line":32,"column":null}},{"start":{},"end":{}}],"line":32},"6":{"loc":{"start":{"line":33,"column":2},"end":{"line":36,"column":null}},"type":"if","locations":[{"start":{"line":33,"column":2},"end":{"line":36,"column":null}},{"start":{"line":35,"column":9},"end":{"line":36,"column":null}}],"line":33},"7":{"loc":{"start":{"line":43,"column":2},"end":{"line":44,"column":null}},"type":"if","locations":[{"start":{"line":43,"column":2},"end":{"line":44,"column":null}},{"start":{},"end":{}}],"line":43},"8":{"loc":{"start":{"line":62,"column":33},"end":{"line":62,"column":78}},"type":"binary-expr","locations":[{"start":{"line":62,"column":33},"end":{"line":62,"column":54}},{"start":{"line":62,"column":54},"end":{"line":62,"column":78}}],"line":62},"9":{"loc":{"start":{"line":64,"column":2},"end":{"line":65,"column":null}},"type":"if","locations":[{"start":{"line":64,"column":2},"end":{"line":65,"column":null}},{"start":{},"end":{}}],"line":64}},"s":{"0":1,"1":1,"2":7,"3":0,"4":7,"5":7,"6":7,"7":0,"8":4,"9":0,"10":4,"11":2,"12":0,"13":2,"14":2,"15":2,"16":0,"17":5,"18":0,"19":5,"20":0,"21":5,"22":5,"23":5,"24":1,"25":1,"26":4,"27":4,"28":4,"29":4,"30":2,"31":2,"32":2,"33":2,"34":1,"35":1,"36":1,"37":0},"f":{"0":7,"1":4,"2":2,"3":5,"4":5,"5":1,"6":2,"7":2,"8":0},"b":{"0":[0,7],"1":[3,4],"2":[0,4],"3":[0,2],"4":[2,0],"5":[0,5],"6":[0,5],"7":[1,4],"8":[2,2],"9":[1,1]},"meta":{"lastBranch":10,"lastFunction":9,"lastStatement":38,"seen":{"s:3:18:3:Infinity":0,"s:4:20:4:Infinity":1,"f:6:16:6:35":0,"b:7:2:7:Infinity:undefined:undefined:undefined:undefined":0,"s:7:2:7:Infinity":2,"s:7:37:7:Infinity":3,"s:8:2:12:Infinity":4,"s:9:17:9:48":5,"s:10:4:10:Infinity":6,"b:10:18:10:34:10:37:10:39":1,"s:12:4:12:Infinity":7,"f:16:16:16:26":1,"b:17:2:17:Infinity:undefined:undefined:undefined:undefined":2,"s:17:2:17:Infinity":8,"s:17:37:17:Infinity":9,"s:18:2:18:Infinity":10,"f:21:16:21:45":2,"b:22:2:22:Infinity:undefined:undefined:undefined:undefined":3,"s:22:2:22:Infinity":11,"s:22:37:22:Infinity":12,"s:23:2:27:Infinity":13,"s:24:17:24:50":14,"s:25:4:25:Infinity":15,"b:25:18:25:34:25:37:25:Infinity":4,"s:27:4:27:Infinity":16,"f:31:16:31:27":3,"b:32:2:32:Infinity:undefined:undefined:undefined:undefined":5,"s:32:2:32:Infinity":17,"s:32:37:32:Infinity":18,"b:33:2:36:Infinity:35:9:36:Infinity":6,"s:33:2:36:Infinity":19,"s:34:4:34:Infinity":20,"s:36:4:36:Infinity":21,"f:40:16:40:23":4,"s:41:16:41:26":22,"b:43:2:44:Infinity:undefined:undefined:undefined:undefined":7,"s:43:2:44:Infinity":23,"f:43:12:43:18":5,"s:43:24:43:42":24,"s:44:4:44:Infinity":25,"s:47:24:52:Infinity":26,"s:54:2:54:Infinity":27,"s:55:2:55:Infinity":28,"s:57:2:57:Infinity":29,"f:60:16:60:22":6,"s:61:16:61:26":30,"s:62:15:62:78":31,"f:62:21:62:27":7,"s:62:33:62:78":32,"b:62:33:62:54:62:54:62:78":8,"b:64:2:65:Infinity:undefined:undefined:undefined:undefined":9,"s:64:2:65:Infinity":33,"s:65:4:65:Infinity":34,"s:68:2:68:Infinity":35,"s:69:2:69:Infinity":36,"f:72:16:72:31":8,"s:73:2:73:Infinity":37}}}
,"C:\\Users\\TEHCDeveloper1\\Documents\\Dev-Work\\HNG\\Frontend\\FE-hng-stage-3\\src\\lib\\habit-storage.ts": {"path":"C:\\Users\\TEHCDeveloper1\\Documents\\Dev-Work\\HNG\\Frontend\\FE-hng-stage-3\\src\\lib\\habit-storage.ts","statementMap":{"0":{"start":{"line":3,"column":19},"end":{"line":3,"column":null}},"1":{"start":{"line":6,"column":2},"end":{"line":6,"column":null}},"2":{"start":{"line":6,"column":37},"end":{"line":6,"column":null}},"3":{"start":{"line":7,"column":2},"end":{"line":11,"column":null}},"4":{"start":{"line":8,"column":17},"end":{"line":8,"column":49}},"5":{"start":{"line":9,"column":4},"end":{"line":9,"column":null}},"6":{"start":{"line":11,"column":4},"end":{"line":11,"column":null}},"7":{"start":{"line":16,"column":2},"end":{"line":16,"column":null}},"8":{"start":{"line":16,"column":37},"end":{"line":16,"column":null}},"9":{"start":{"line":17,"column":2},"end":{"line":17,"column":null}},"10":{"start":{"line":21,"column":2},"end":{"line":21,"column":null}},"11":{"start":{"line":21,"column":35},"end":{"line":21,"column":55}},"12":{"start":{"line":29,"column":23},"end":{"line":37,"column":null}},"13":{"start":{"line":39,"column":17},"end":{"line":39,"column":28}},"14":{"start":{"line":40,"column":2},"end":{"line":40,"column":null}},"15":{"start":{"line":42,"column":2},"end":{"line":42,"column":null}},"16":{"start":{"line":46,"column":17},"end":{"line":46,"column":28}},"17":{"start":{"line":47,"column":16},"end":{"line":47,"column":58}},"18":{"start":{"line":47,"column":40},"end":{"line":47,"column":58}},"19":{"start":{"line":49,"column":2},"end":{"line":50,"column":null}},"20":{"start":{"line":50,"column":4},"end":{"line":50,"column":null}},"21":{"start":{"line":53,"column":2},"end":{"line":53,"column":null}},"22":{"start":{"line":54,"column":2},"end":{"line":54,"column":null}},"23":{"start":{"line":56,"column":2},"end":{"line":56,"column":null}},"24":{"start":{"line":60,"column":17},"end":{"line":60,"column":28}},"25":{"start":{"line":61,"column":2},"end":{"line":61,"column":null}},"26":{"start":{"line":61,"column":34},"end":{"line":61,"column":51}}},"fnMap":{"0":{"name":"getHabits","decl":{"start":{"line":5,"column":16},"end":{"line":5,"column":37}},"loc":{"start":{"line":5,"column":37},"end":{"line":11,"column":null}},"line":5},"1":{"name":"saveHabits","decl":{"start":{"line":15,"column":16},"end":{"line":15,"column":27}},"loc":{"start":{"line":15,"column":50},"end":{"line":17,"column":null}},"line":15},"2":{"name":"getUserHabits","decl":{"start":{"line":20,"column":16},"end":{"line":20,"column":30}},"loc":{"start":{"line":20,"column":55},"end":{"line":21,"column":null}},"line":20},"3":{"name":"(anonymous_3)","decl":{"start":{"line":21,"column":21},"end":{"line":21,"column":29}},"loc":{"start":{"line":21,"column":35},"end":{"line":21,"column":55}},"line":21},"4":{"name":"createHabit","decl":{"start":{"line":24,"column":16},"end":{"line":24,"column":null}},"loc":{"start":{"line":28,"column":9},"end":{"line":42,"column":null}},"line":28},"5":{"name":"updateHabit","decl":{"start":{"line":45,"column":16},"end":{"line":45,"column":28}},"loc":{"start":{"line":45,"column":49},"end":{"line":56,"column":null}},"line":45},"6":{"name":"(anonymous_6)","decl":{"start":{"line":47,"column":23},"end":{"line":47,"column":34}},"loc":{"start":{"line":47,"column":40},"end":{"line":47,"column":58}},"line":47},"7":{"name":"deleteHabit","decl":{"start":{"line":59,"column":16},"end":{"line":59,"column":28}},"loc":{"start":{"line":59,"column":51},"end":{"line":61,"column":null}},"line":59},"8":{"name":"(anonymous_8)","decl":{"start":{"line":61,"column":20},"end":{"line":61,"column":28}},"loc":{"start":{"line":61,"column":34},"end":{"line":61,"column":51}},"line":61}},"branchMap":{"0":{"loc":{"start":{"line":6,"column":2},"end":{"line":6,"column":null}},"type":"if","locations":[{"start":{"line":6,"column":2},"end":{"line":6,"column":null}},{"start":{},"end":{}}],"line":6},"1":{"loc":{"start":{"line":9,"column":11},"end":{"line":9,"column":39}},"type":"cond-expr","locations":[{"start":{"line":9,"column":18},"end":{"line":9,"column":34}},{"start":{"line":9,"column":37},"end":{"line":9,"column":39}}],"line":9},"2":{"loc":{"start":{"line":16,"column":2},"end":{"line":16,"column":null}},"type":"if","locations":[{"start":{"line":16,"column":2},"end":{"line":16,"column":null}},{"start":{},"end":{}}],"line":16},"3":{"loc":{"start":{"line":49,"column":2},"end":{"line":50,"column":null}},"type":"if","locations":[{"start":{"line":49,"column":2},"end":{"line":50,"column":null}},{"start":{},"end":{}}],"line":49}},"s":{"0":1,"1":10,"2":0,"3":10,"4":10,"5":10,"6":0,"7":6,"8":0,"9":6,"10":4,"11":3,"12":4,"13":4,"14":4,"15":4,"16":1,"17":1,"18":1,"19":1,"20":0,"21":1,"22":1,"23":1,"24":1,"25":1,"26":1},"f":{"0":10,"1":6,"2":4,"3":3,"4":4,"5":1,"6":1,"7":1,"8":1},"b":{"0":[0,10],"1":[6,4],"2":[0,6],"3":[0,1]},"meta":{"lastBranch":4,"lastFunction":9,"lastStatement":27,"seen":{"s:3:19:3:Infinity":0,"f:5:16:5:37":0,"b:6:2:6:Infinity:undefined:undefined:undefined:undefined":0,"s:6:2:6:Infinity":1,"s:6:37:6:Infinity":2,"s:7:2:11:Infinity":3,"s:8:17:8:49":4,"s:9:4:9:Infinity":5,"b:9:18:9:34:9:37:9:39":1,"s:11:4:11:Infinity":6,"f:15:16:15:27":1,"b:16:2:16:Infinity:undefined:undefined:undefined:undefined":2,"s:16:2:16:Infinity":7,"s:16:37:16:Infinity":8,"s:17:2:17:Infinity":9,"f:20:16:20:30":2,"s:21:2:21:Infinity":10,"f:21:21:21:29":3,"s:21:35:21:55":11,"f:24:16:24:Infinity":4,"s:29:23:37:Infinity":12,"s:39:17:39:28":13,"s:40:2:40:Infinity":14,"s:42:2:42:Infinity":15,"f:45:16:45:28":5,"s:46:17:46:28":16,"s:47:16:47:58":17,"f:47:23:47:34":6,"s:47:40:47:58":18,"b:49:2:50:Infinity:undefined:undefined:undefined:undefined":3,"s:49:2:50:Infinity":19,"s:50:4:50:Infinity":20,"s:53:2:53:Infinity":21,"s:54:2:54:Infinity":22,"s:56:2:56:Infinity":23,"f:59:16:59:28":7,"s:60:17:60:28":24,"s:61:2:61:Infinity":25,"f:61:20:61:28":8,"s:61:34:61:51":26}}}
,"C:\\Users\\TEHCDeveloper1\\Documents\\Dev-Work\\HNG\\Frontend\\FE-hng-stage-3\\src\\lib\\habits.ts": {"path":"C:\\Users\\TEHCDeveloper1\\Documents\\Dev-Work\\HNG\\Frontend\\FE-hng-stage-3\\src\\lib\\habits.ts","statementMap":{"0":{"start":{"line":4,"column":22},"end":{"line":4,"column":44}},"1":{"start":{"line":5,"column":16},"end":{"line":5,"column":41}},"2":{"start":{"line":7,"column":2},"end":{"line":10,"column":null}},"3":{"start":{"line":8,"column":4},"end":{"line":8,"column":null}},"4":{"start":{"line":10,"column":4},"end":{"line":10,"column":null}},"5":{"start":{"line":14,"column":28},"end":{"line":14,"column":60}},"6":{"start":{"line":16,"column":2},"end":{"line":19,"column":null}}},"fnMap":{"0":{"name":"toggleHabitCompletion","decl":{"start":{"line":3,"column":16},"end":{"line":3,"column":38}},"loc":{"start":{"line":3,"column":73},"end":{"line":19,"column":null}},"line":3}},"branchMap":{"0":{"loc":{"start":{"line":7,"column":2},"end":{"line":10,"column":null}},"type":"if","locations":[{"start":{"line":7,"column":2},"end":{"line":10,"column":null}},{"start":{"line":9,"column":9},"end":{"line":10,"column":null}}],"line":7}},"s":{"0":6,"1":6,"2":6,"3":4,"4":2,"5":6,"6":6},"f":{"0":6},"b":{"0":[4,2]},"meta":{"lastBranch":1,"lastFunction":1,"lastStatement":7,"seen":{"f:3:16:3:38":0,"s:4:22:4:44":0,"s:5:16:5:41":1,"b:7:2:10:Infinity:9:9:10:Infinity":0,"s:7:2:10:Infinity":2,"s:8:4:8:Infinity":3,"s:10:4:10:Infinity":4,"s:14:28:14:60":5,"s:16:2:19:Infinity":6}}}
,"C:\\Users\\TEHCDeveloper1\\Documents\\Dev-Work\\HNG\\Frontend\\FE-hng-stage-3\\src\\lib\\slug.ts": {"path":"C:\\Users\\TEHCDeveloper1\\Documents\\Dev-Work\\HNG\\Frontend\\FE-hng-stage-3\\src\\lib\\slug.ts","statementMap":{"0":{"start":{"line":2,"column":2},"end":{"line":6,"column":null}}},"fnMap":{"0":{"name":"getHabitSlug","decl":{"start":{"line":1,"column":16},"end":{"line":1,"column":29}},"loc":{"start":{"line":1,"column":51},"end":{"line":6,"column":null}},"line":1}},"branchMap":{},"s":{"0":3},"f":{"0":3},"b":{},"meta":{"lastBranch":0,"lastFunction":1,"lastStatement":1,"seen":{"f:1:16:1:29":0,"s:2:2:6:Infinity":0}}}
,"C:\\Users\\TEHCDeveloper1\\Documents\\Dev-Work\\HNG\\Frontend\\FE-hng-stage-3\\src\\lib\\streaks.ts": {"path":"C:\\Users\\TEHCDeveloper1\\Documents\\Dev-Work\\HNG\\Frontend\\FE-hng-stage-3\\src\\lib\\streaks.ts","statementMap":{"0":{"start":{"line":2,"column":20},"end":{"line":2,"column":null}},"1":{"start":{"line":3,"column":17},"end":{"line":3,"column":66}},"2":{"start":{"line":5,"column":2},"end":{"line":6,"column":null}},"3":{"start":{"line":6,"column":4},"end":{"line":6,"column":null}},"4":{"start":{"line":9,"column":15},"end":{"line":9,"column":null}},"5":{"start":{"line":10,"column":20},"end":{"line":10,"column":39}},"6":{"start":{"line":12,"column":2},"end":{"line":20,"column":null}},"7":{"start":{"line":13,"column":27},"end":{"line":13,"column":47}},"8":{"start":{"line":14,"column":4},"end":{"line":20,"column":null}},"9":{"start":{"line":17,"column":6},"end":{"line":17,"column":null}},"10":{"start":{"line":18,"column":6},"end":{"line":18,"column":null}},"11":{"start":{"line":20,"column":6},"end":{"line":20,"column":null}},"12":{"start":{"line":24,"column":2},"end":{"line":24,"column":null}}},"fnMap":{"0":{"name":"calculateCurrentStreak","decl":{"start":{"line":1,"column":16},"end":{"line":1,"column":39}},"loc":{"start":{"line":1,"column":86},"end":{"line":24,"column":null}},"line":1}},"branchMap":{"0":{"loc":{"start":{"line":2,"column":20},"end":{"line":2,"column":null}},"type":"binary-expr","locations":[{"start":{"line":2,"column":20},"end":{"line":2,"column":29}},{"start":{"line":2,"column":29},"end":{"line":2,"column":null}}],"line":2},"1":{"loc":{"start":{"line":5,"column":2},"end":{"line":6,"column":null}},"type":"if","locations":[{"start":{"line":5,"column":2},"end":{"line":6,"column":null}},{"start":{},"end":{}}],"line":5},"2":{"loc":{"start":{"line":14,"column":4},"end":{"line":20,"column":null}},"type":"if","locations":[{"start":{"line":14,"column":4},"end":{"line":20,"column":null}},{"start":{"line":19,"column":11},"end":{"line":20,"column":null}}],"line":14}},"s":{"0":7,"1":7,"2":7,"3":3,"4":4,"5":4,"6":4,"7":10,"8":10,"9":9,"10":9,"11":1,"12":4},"f":{"0":7},"b":{"0":[7,2],"1":[3,4],"2":[9,1]},"meta":{"lastBranch":3,"lastFunction":1,"lastStatement":13,"seen":{"f:1:16:1:39":0,"s:2:20:2:Infinity":0,"b:2:20:2:29:2:29:2:Infinity":0,"s:3:17:3:66":1,"b:5:2:6:Infinity:undefined:undefined:undefined:undefined":1,"s:5:2:6:Infinity":2,"s:6:4:6:Infinity":3,"s:9:15:9:Infinity":4,"s:10:20:10:39":5,"s:12:2:20:Infinity":6,"s:13:27:13:47":7,"b:14:4:20:Infinity:19:11:20:Infinity":2,"s:14:4:20:Infinity":8,"s:17:6:17:Infinity":9,"s:18:6:18:Infinity":10,"s:20:6:20:Infinity":11,"s:24:2:24:Infinity":12}}}
,"C:\\Users\\TEHCDeveloper1\\Documents\\Dev-Work\\HNG\\Frontend\\FE-hng-stage-3\\src\\lib\\validators.ts": {"path":"C:\\Users\\TEHCDeveloper1\\Documents\\Dev-Work\\HNG\\Frontend\\FE-hng-stage-3\\src\\lib\\validators.ts","statementMap":{"0":{"start":{"line":6,"column":18},"end":{"line":6,"column":29}},"1":{"start":{"line":8,"column":2},"end":{"line":9,"column":null}},"2":{"start":{"line":9,"column":4},"end":{"line":9,"column":null}},"3":{"start":{"line":12,"column":2},"end":{"line":13,"column":null}},"4":{"start":{"line":13,"column":4},"end":{"line":13,"column":null}},"5":{"start":{"line":16,"column":2},"end":{"line":16,"column":null}}},"fnMap":{"0":{"name":"validateHabitName","decl":{"start":{"line":1,"column":16},"end":{"line":1,"column":34}},"loc":{"start":{"line":5,"column":2},"end":{"line":16,"column":null}},"line":5}},"branchMap":{"0":{"loc":{"start":{"line":8,"column":2},"end":{"line":9,"column":null}},"type":"if","locations":[{"start":{"line":8,"column":2},"end":{"line":9,"column":null}},{"start":{},"end":{}}],"line":8},"1":{"loc":{"start":{"line":12,"column":2},"end":{"line":13,"column":null}},"type":"if","locations":[{"start":{"line":12,"column":2},"end":{"line":13,"column":null}},{"start":{},"end":{}}],"line":12}},"s":{"0":4,"1":4,"2":2,"3":2,"4":1,"5":1},"f":{"0":4},"b":{"0":[2,2],"1":[1,1]},"meta":{"lastBranch":2,"lastFunction":1,"lastStatement":6,"seen":{"f:1:16:1:34":0,"s:6:18:6:29":0,"b:8:2:9:Infinity:undefined:undefined:undefined:undefined":0,"s:8:2:9:Infinity":1,"s:9:4:9:Infinity":2,"b:12:2:13:Infinity:undefined:undefined:undefined:undefined":1,"s:12:2:13:Infinity":3,"s:13:4:13:Infinity":4,"s:16:2:16:Infinity":5}}}
}
